[2025-12-25 16:16:15] INFO: Incoming request: GET /public/csrf-token []
[2025-12-25 16:16:55] INFO: Incoming request: GET /public/csrf-token []
[2025-12-25 16:18:09] INFO: Incoming request: POST /public/login []
[2025-12-25 16:18:17] INFO: Incoming request: GET /public/index.php/csrf-token []
[2025-12-25 16:18:27] INFO: Incoming request: GET /public/ []
[2025-12-25 16:18:44] INFO: Incoming request: GET /public/api/csrf-token []
[2025-12-25 16:18:55] INFO: Incoming request: POST /public/login []
[2025-12-25 16:19:02] INFO: Incoming request: GET /public/api.php/csrf-token []
[2025-12-25 16:19:47] INFO: Incoming request: GET /csrf-token []
[2025-12-25 16:20:01] INFO: Incoming request: GET / []
[2025-12-25 16:20:10] INFO: Incoming request: GET /api/csrf-token []
[2025-12-25 16:20:29] INFO: Incoming request: GET /csrf-token []
[2025-12-25 16:20:47] INFO: Incoming request: GET /api/auth/csrf-token []
[2025-12-25 16:21:00] INFO: Incoming request: GET /auth/csrf-token []
[2025-12-25 16:21:06] INFO: Incoming request: GET /login []
[2025-12-25 16:21:17] INFO: Incoming request: GET /api/v1/csrf-token []
[2025-12-25 16:21:26] INFO: Incoming request: GET /csrf-token/ []
[2025-12-25 16:21:36] INFO: Incoming request: GET /csrf-token []
[2025-12-25 16:22:32] INFO: Incoming request: GET /csrf-token []
[2025-12-25 16:22:48] INFO: Incoming request: GET / []
[2025-12-25 16:22:57] INFO: Incoming request: GET /api/csrf-token []
[2025-12-25 16:23:14] INFO: Incoming request: GET /csrf-token/ []
[2025-12-25 16:23:39] INFO: Incoming request: GET /csrf-token []
[2025-12-25 16:23:39] INFO: Incoming request: GET /csrf-token []
[2025-12-25 16:23:55] INFO: Incoming request: GET /index.php []
[2025-12-25 16:24:04] INFO: Incoming request: GET /api/csrf-token []
[2025-12-25 16:24:23] INFO: Incoming request: GET /csrf-token []
[2025-12-25 16:24:44] INFO: Incoming request: GET /csrf-token []
[2025-12-25 16:24:53] INFO: Incoming request: GET /csrf []
[2025-12-25 16:25:08] INFO: Incoming request: GET /csrf-token []
[2025-12-25 16:25:26] INFO: Incoming request: POST /csrf-token []
[2025-12-25 16:25:34] INFO: Incoming request: GET /api/v1/csrf-token []
[2025-12-25 16:25:42] INFO: Incoming request: GET /test []
[2025-12-25 16:25:50] INFO: Incoming request: GET /csrf-token []
[2025-12-25 16:26:34] INFO: Incoming request: GET /csrf-token []
[2025-12-25 16:27:21] INFO: Incoming request: GET /csrf-token []
[2025-12-25 16:28:08] INFO: Incoming request: GET /csrf-token []
[2025-12-25 16:28:59] INFO: Incoming request: GET /csrf-token []
[2025-12-25 16:28:59] INFO: Incoming request: GET /csrf-token []
[2025-12-25 16:30:39] INFO: Incoming request: GET /csrf-token []
[2025-12-25 16:30:39] INFO: Incoming request: GET /csrf-token []
[2025-12-25 16:31:12] INFO: Incoming request: POST /login []
[2025-12-25 16:31:12] INFO: Login Attempt {"email":"missing"}
[2025-12-25 16:31:12] ERROR: Login Missing Creds null
[2025-12-25 16:31:53] INFO: Incoming request: GET /csrf-token []
[2025-12-25 16:31:53] INFO: Incoming request: GET /csrf-token []
[2025-12-25 16:33:50] INFO: Incoming request: GET /csrf-token []
[2025-12-25 16:33:50] INFO: Incoming request: GET /csrf-token []
[2025-12-25 16:34:24] INFO: Incoming request: POST /login []
[2025-12-25 16:34:24] INFO: Login Attempt {"email":"missing"}
[2025-12-25 16:34:24] ERROR: Login Missing Creds null
[2025-12-25 16:35:54] INFO: Incoming request: POST /login []
[2025-12-25 16:35:54] INFO: Login Attempt {"email":"missing"}
[2025-12-25 16:35:54] ERROR: Login Missing Creds null
[2025-12-25 16:36:38] INFO: Incoming request: GET /csrf-token []
[2025-12-25 16:36:38] INFO: Incoming request: GET /csrf-token []
[2025-12-25 16:37:39] INFO: Incoming request: POST /login []
[2025-12-25 16:37:39] INFO: Login Attempt {"email":"missing"}
[2025-12-25 16:37:39] ERROR: Login Missing Creds null
[2025-12-25 16:38:46] INFO: Incoming request: GET /csrf-token []
[2025-12-25 16:38:46] INFO: Incoming request: GET /csrf-token []
[2025-12-25 16:39:32] INFO: Incoming request: POST /login []
[2025-12-25 16:39:32] INFO: Login Attempt {"email":"missing"}
[2025-12-25 16:39:32] ERROR: Login Missing Creds null
[2025-12-25 16:45:53] INFO: Incoming request: GET /api/login.php []
[2025-12-25 16:46:02] INFO: Incoming request: GET /login.php []
[2025-12-25 16:46:20] INFO: Incoming request: GET /login []
[2025-12-25 16:50:51] INFO: Incoming request: GET /csrf-token []
[2025-12-25 16:50:52] INFO: Incoming request: GET /csrf-token []
[2025-12-25 16:53:05] INFO: Incoming request: GET /csrf-token []
[2025-12-25 16:53:05] INFO: Incoming request: GET /csrf-token []
[2025-12-25 16:54:26] INFO: Incoming request: POST /register []
[2025-12-25 16:54:27] INFO: Incoming request: GET /csrf-token []
[2025-12-25 16:58:59] INFO: Incoming request: GET /login []
[2025-12-25 16:59:13] INFO: Incoming request: POST /login []
[2025-12-25 16:59:13] INFO: Login Attempt {"email":"missing"}
[2025-12-25 16:59:13] ERROR: Login Missing Creds null
[2025-12-25 16:59:47] INFO: Incoming request: GET /csrf-token []
[2025-12-25 17:00:01] INFO: Incoming request: GET /csrf-token []
[2025-12-25 17:00:01] INFO: Incoming request: GET /csrf-token []
[2025-12-25 17:00:40] INFO: Incoming request: POST /login []
[2025-12-25 17:00:40] INFO: Login Attempt {"email":"missing"}
[2025-12-25 17:00:40] ERROR: Login Missing Creds null
[2025-12-25 17:01:46] INFO: Incoming request: GET /csrf-token []
[2025-12-25 17:01:46] INFO: Incoming request: GET /csrf-token []
[2025-12-25 17:02:20] INFO: Incoming request: POST /login []
[2025-12-25 17:02:20] INFO: Login Attempt {"email":"harsha@gmail.com"}
[2025-12-25 17:02:21] INFO: Login Success {"user_id":1,"role":"admin"}
[2025-12-25 17:02:22] INFO: Incoming request: GET /notifications []
[2025-12-25 17:02:22] INFO: Incoming request: GET /medicines []
[2025-12-25 17:02:22] INFO: Incoming request: GET /appointments []
[2025-12-25 17:02:22] INFO: Incoming request: GET /patients []
[2025-12-25 17:02:22] INFO: Incoming request: GET /billing []
[2025-12-25 17:02:22] INFO: Incoming request: GET /doctors []
[2025-12-25 17:02:26] INFO: Incoming request: GET /notifications []
[2025-12-25 17:02:32] INFO: Incoming request: GET /notifications []
[2025-12-25 17:02:36] INFO: Incoming request: GET /notifications []
[2025-12-25 17:02:42] INFO: Incoming request: GET /notifications []
[2025-12-25 17:02:46] INFO: Incoming request: GET /notifications []
[2025-12-25 17:02:51] INFO: Incoming request: GET /notifications []
[2025-12-25 17:02:56] INFO: Incoming request: GET /notifications []
[2025-12-25 17:03:01] INFO: Incoming request: GET /notifications []
[2025-12-25 17:03:06] INFO: Incoming request: GET /notifications []
[2025-12-25 17:03:11] INFO: Incoming request: GET /notifications []
[2025-12-25 17:03:12] INFO: Incoming request: GET /doctors []
[2025-12-25 17:03:12] INFO: Incoming request: GET /appointments []
[2025-12-25 17:03:12] INFO: Incoming request: GET /billing []
[2025-12-25 17:03:12] INFO: Incoming request: GET /patients []
[2025-12-25 17:03:12] INFO: Incoming request: GET /medicines []
[2025-12-25 17:03:16] INFO: Incoming request: GET /notifications []
[2025-12-25 17:03:21] INFO: Incoming request: GET /notifications []
[2025-12-25 17:03:24] INFO: Incoming request: POST /logout []
[2025-12-25 17:03:24] INFO: Incoming request: GET /csrf-token []
[2025-12-25 17:03:38] INFO: Incoming request: POST /login []
[2025-12-25 17:03:38] INFO: Login Attempt {"email":"harsha@gmail.com"}
[2025-12-25 17:03:39] INFO: Login Success {"user_id":1,"role":"admin"}
[2025-12-25 17:03:39] INFO: Incoming request: GET /notifications []
[2025-12-25 17:03:39] INFO: Incoming request: GET /doctors []
[2025-12-25 17:03:39] INFO: Incoming request: GET /appointments []
[2025-12-25 17:03:39] INFO: Incoming request: GET /patients []
[2025-12-25 17:03:39] INFO: Incoming request: GET /billing []
[2025-12-25 17:03:39] INFO: Incoming request: GET /medicines []
[2025-12-25 17:03:44] INFO: Incoming request: GET /notifications []
[2025-12-25 17:03:49] INFO: Incoming request: GET /notifications []
[2025-12-25 17:03:52] INFO: Incoming request: GET /csrf-token []
[2025-12-25 17:03:52] INFO: Incoming request: GET /notifications []
[2025-12-25 17:03:52] INFO: Incoming request: GET /patients []
[2025-12-25 17:03:52] INFO: Incoming request: GET /medicines []
[2025-12-25 17:03:52] INFO: Incoming request: GET /doctors []
[2025-12-25 17:03:52] INFO: Incoming request: GET /billing []
[2025-12-25 17:03:52] INFO: Incoming request: GET /appointments []
[2025-12-25 17:03:57] INFO: Incoming request: GET /notifications []
[2025-12-25 17:04:00] INFO: Incoming request: GET /appointments []
[2025-12-25 17:04:00] INFO: Incoming request: GET /doctors []
[2025-12-25 17:04:00] INFO: Incoming request: GET /patients []
[2025-12-25 17:04:00] INFO: Incoming request: GET /doctors []
[2025-12-25 17:04:00] INFO: Incoming request: GET /patients []
[2025-12-25 17:04:00] INFO: Incoming request: GET /patients []
[2025-12-25 17:04:02] INFO: Incoming request: GET /notifications []
[2025-12-25 17:04:03] INFO: Incoming request: GET /patients []
[2025-12-25 17:04:07] INFO: Incoming request: GET /notifications []
[2025-12-25 17:04:12] INFO: Incoming request: GET /notifications []
[2025-12-25 17:04:13] INFO: Incoming request: PUT /patients/5 []
[2025-12-25 17:04:13] INFO: Incoming request: GET /patients []
[2025-12-25 17:04:13] INFO: Incoming request: GET /patients []
[2025-12-25 17:04:17] INFO: Incoming request: GET /notifications []
[2025-12-25 17:04:23] INFO: Incoming request: GET /notifications []
[2025-12-25 17:04:28] INFO: Incoming request: GET /notifications []
[2025-12-25 17:04:33] INFO: Incoming request: GET /notifications []
[2025-12-25 17:04:38] INFO: Incoming request: GET /notifications []
[2025-12-25 17:04:43] INFO: Incoming request: GET /notifications []
[2025-12-25 17:04:48] INFO: Incoming request: GET /notifications []
[2025-12-25 17:04:53] INFO: Incoming request: GET /notifications []
[2025-12-25 17:04:58] INFO: Incoming request: GET /notifications []
[2025-12-25 17:05:03] INFO: Incoming request: GET /notifications []
[2025-12-25 17:05:08] INFO: Incoming request: GET /notifications []
[2025-12-25 17:05:13] INFO: Incoming request: GET /notifications []
[2025-12-25 17:05:18] INFO: Incoming request: GET /notifications []
[2025-12-25 17:05:21] INFO: Incoming request: POST /logout []
[2025-12-25 17:05:21] INFO: Incoming request: GET /csrf-token []
[2025-12-25 17:06:46] INFO: Incoming request: POST /login []
[2025-12-25 17:06:46] INFO: Login Attempt {"email":"doctor2@hospital.com"}
[2025-12-25 17:06:47] INFO: Login Success {"user_id":7,"role":"doctor"}
[2025-12-25 17:06:47] INFO: Incoming request: GET /notifications []
[2025-12-25 17:06:47] INFO: Incoming request: GET /doctors []
[2025-12-25 17:06:47] INFO: Incoming request: GET /medicines []
[2025-12-25 17:06:47] INFO: Incoming request: GET /appointments []
[2025-12-25 17:06:47] INFO: Incoming request: GET /patients []
[2025-12-25 17:06:47] INFO: Incoming request: GET /billing []
[2025-12-25 17:06:52] INFO: Incoming request: GET /notifications []
[2025-12-25 17:06:57] INFO: Incoming request: GET /notifications []
[2025-12-25 17:07:02] INFO: Incoming request: GET /notifications []
[2025-12-25 17:07:07] INFO: Incoming request: GET /notifications []
[2025-12-25 17:07:13] INFO: Incoming request: GET /notifications []
[2025-12-25 17:07:18] INFO: Incoming request: GET /notifications []
[2025-12-25 17:07:23] INFO: Incoming request: GET /notifications []
[2025-12-25 17:07:28] INFO: Incoming request: GET /notifications []
[2025-12-25 17:07:33] INFO: Incoming request: GET /notifications []
[2025-12-25 17:07:38] INFO: Incoming request: GET /notifications []
[2025-12-25 17:07:38] INFO: Incoming request: GET /doctors []
[2025-12-25 17:07:38] INFO: Incoming request: GET /patients []
[2025-12-25 17:07:38] INFO: Incoming request: GET /appointments []
[2025-12-25 17:07:38] INFO: Incoming request: GET /billing []
[2025-12-25 17:07:38] INFO: Incoming request: GET /medicines []
[2025-12-25 17:07:43] INFO: Incoming request: GET /notifications []
[2025-12-25 17:07:48] INFO: Incoming request: GET /notifications []
[2025-12-25 17:07:53] INFO: Incoming request: GET /notifications []
[2025-12-25 17:07:58] INFO: Incoming request: GET /notifications []
[2025-12-25 17:08:03] INFO: Incoming request: GET /notifications []
[2025-12-25 17:08:08] INFO: Incoming request: GET /notifications []
[2025-12-25 17:08:11] INFO: Incoming request: POST /logout []
[2025-12-25 17:08:11] INFO: Incoming request: GET /csrf-token []
[2025-12-26 05:10:53] INFO: Incoming request: GET /csrf-token []
[2025-12-26 05:10:53] INFO: Incoming request: GET /csrf-token []
[2025-12-26 05:10:53] INFO: Incoming request: GET /csrf-token []
[2025-12-26 05:10:54] INFO: Incoming request: GET /csrf-token []
[2025-12-26 05:11:24] INFO: Incoming request: POST /login []
[2025-12-26 05:11:24] INFO: Login Attempt {"email":"harsha@gmail.com"}
[2025-12-26 05:11:24] INFO: Login Success {"user_id":1,"role":"admin"}
[2025-12-26 05:11:25] INFO: Incoming request: GET /notifications []
[2025-12-26 05:11:25] INFO: Incoming request: GET /doctors []
[2025-12-26 05:11:25] INFO: Incoming request: GET /medicines []
[2025-12-26 05:11:25] INFO: Incoming request: GET /patients []
[2025-12-26 05:11:25] INFO: Incoming request: GET /billing []
[2025-12-26 05:11:25] INFO: Incoming request: GET /appointments []
[2025-12-26 05:11:30] INFO: Incoming request: GET /notifications []
[2025-12-26 05:11:35] INFO: Incoming request: GET /notifications []
[2025-12-26 05:11:40] INFO: Incoming request: GET /notifications []
[2025-12-26 05:11:45] INFO: Incoming request: GET /notifications []
[2025-12-26 05:11:46] INFO: Incoming request: GET /appointments []
[2025-12-26 05:11:46] INFO: Incoming request: GET /doctors []
[2025-12-26 05:11:46] INFO: Incoming request: GET /patients []
[2025-12-26 05:11:46] INFO: Incoming request: GET /doctors []
[2025-12-26 05:11:46] INFO: Incoming request: GET /patients []
[2025-12-26 05:11:46] INFO: Incoming request: GET /patients []
[2025-12-26 05:11:50] INFO: Incoming request: GET /notifications []
[2025-12-26 05:11:50] INFO: Incoming request: GET /patients []
[2025-12-26 05:11:53] INFO: Incoming request: GET /appointments []
[2025-12-26 05:11:55] INFO: Incoming request: GET /notifications []
[2025-12-26 05:11:59] INFO: Incoming request: GET /patients []
[2025-12-26 05:12:00] INFO: Incoming request: GET /notifications []
[2025-12-26 05:12:00] INFO: Incoming request: GET /appointments []
[2025-12-26 05:12:01] INFO: Incoming request: GET /appointments []
[2025-12-26 05:12:05] INFO: Incoming request: GET /notifications []
[2025-12-26 05:12:06] INFO: Incoming request: GET /prescriptions []
[2025-12-26 05:12:08] INFO: Incoming request: GET /billing []
[2025-12-26 05:12:11] INFO: Incoming request: GET /notifications []
[2025-12-26 05:12:14] INFO: Incoming request: GET /staff []
[2025-12-26 05:12:15] INFO: Incoming request: GET /notifications []
[2025-12-26 05:12:15] INFO: Incoming request: GET /medicines []
[2025-12-26 05:12:18] INFO: Incoming request: GET /staff []
[2025-12-26 05:12:20] INFO: Incoming request: GET /notifications []
[2025-12-26 05:12:25] INFO: Incoming request: GET /notifications []
[2025-12-26 05:12:30] INFO: Incoming request: GET /notifications []
[2025-12-26 05:12:35] INFO: Incoming request: GET /notifications []
[2025-12-26 05:12:40] INFO: Incoming request: GET /notifications []
[2025-12-26 05:12:45] INFO: Incoming request: GET /notifications []
[2025-12-26 05:12:50] INFO: Incoming request: GET /notifications []
[2025-12-26 05:12:55] INFO: Incoming request: GET /notifications []
[2025-12-26 05:13:00] INFO: Incoming request: GET /notifications []
[2025-12-26 05:13:05] INFO: Incoming request: GET /notifications []
[2025-12-26 05:13:10] INFO: Incoming request: GET /notifications []
[2025-12-26 05:13:15] INFO: Incoming request: GET /notifications []
[2025-12-26 05:13:20] INFO: Incoming request: GET /notifications []
[2025-12-26 05:13:21] INFO: Incoming request: POST /logout []
[2025-12-26 05:13:21] INFO: Incoming request: GET /csrf-token []
[2025-12-26 05:21:44] INFO: Incoming request: GET /csrf-token []
[2025-12-26 05:21:44] INFO: Incoming request: GET /csrf-token []
[2025-12-26 05:21:52] INFO: Incoming request: GET /csrf-token []
[2025-12-26 05:21:52] INFO: Incoming request: GET /csrf-token []
[2025-12-26 05:21:53] INFO: Incoming request: GET /csrf-token []
[2025-12-26 05:21:57] INFO: Incoming request: GET /csrf-token []
[2025-12-26 05:26:39] INFO: Incoming request: GET /csrf-token []
[2025-12-26 05:26:39] INFO: Incoming request: GET /csrf-token []
[2025-12-26 05:26:39] INFO: Incoming request: GET /csrf-token []
[2025-12-26 05:26:42] INFO: Incoming request: GET /csrf-token []
[2025-12-26 05:26:42] INFO: Incoming request: GET /csrf-token []
[2025-12-26 05:26:43] INFO: Incoming request: GET /csrf-token []
[2025-12-26 05:26:58] INFO: Incoming request: GET /csrf-token []
[2025-12-26 05:27:01] INFO: Incoming request: GET /csrf-token []
[2025-12-26 05:27:11] INFO: Incoming request: GET /csrf-token []
[2025-12-26 05:27:28] INFO: Incoming request: POST /login []
[2025-12-26 05:27:28] INFO: Login Attempt {"email":"harsha@gmail.com"}
[2025-12-26 05:27:28] INFO: Login Success {"user_id":1,"role":"admin"}
[2025-12-26 05:27:28] INFO: Incoming request: GET /notifications []
[2025-12-26 05:27:28] INFO: Incoming request: GET /patients []
[2025-12-26 05:27:28] INFO: Incoming request: GET /medicines []
[2025-12-26 05:27:28] INFO: Incoming request: GET /doctors []
[2025-12-26 05:27:29] INFO: Incoming request: GET /appointments []
[2025-12-26 05:27:29] INFO: Incoming request: GET /billing []
[2025-12-26 05:27:33] INFO: Incoming request: GET /notifications []
[2025-12-26 05:27:38] INFO: Incoming request: GET /notifications []
[2025-12-26 05:27:43] INFO: Incoming request: GET /notifications []
[2025-12-26 05:27:45] INFO: Incoming request: GET /patients []
[2025-12-26 05:27:47] INFO: Incoming request: GET /patients []
[2025-12-26 05:27:47] INFO: Incoming request: GET /billing []
[2025-12-26 05:27:47] INFO: Incoming request: GET /doctors []
[2025-12-26 05:27:47] INFO: Incoming request: GET /appointments []
[2025-12-26 05:27:47] INFO: Incoming request: GET /medicines []
[2025-12-26 05:27:48] INFO: Incoming request: GET /notifications []
[2025-12-26 05:27:53] INFO: Incoming request: GET /notifications []
[2025-12-26 05:27:59] INFO: Incoming request: GET /notifications []
[2025-12-26 05:28:04] INFO: Incoming request: GET /notifications []
[2025-12-26 05:28:09] INFO: Incoming request: GET /notifications []
[2025-12-26 05:28:14] INFO: Incoming request: GET /notifications []
[2025-12-26 05:28:19] INFO: Incoming request: GET /notifications []
[2025-12-26 05:28:24] INFO: Incoming request: GET /notifications []
[2025-12-26 05:28:29] INFO: Incoming request: GET /notifications []
[2025-12-26 05:28:34] INFO: Incoming request: GET /notifications []
[2025-12-26 05:28:38] INFO: Incoming request: GET /medicines []
[2025-12-26 05:28:38] INFO: Incoming request: GET /appointments []
[2025-12-26 05:28:38] INFO: Incoming request: GET /billing []
[2025-12-26 05:28:38] INFO: Incoming request: GET /patients []
[2025-12-26 05:28:38] INFO: Incoming request: GET /doctors []
[2025-12-26 05:28:39] INFO: Incoming request: GET /notifications []
[2025-12-26 05:28:44] INFO: Incoming request: GET /notifications []
[2025-12-26 05:28:49] INFO: Incoming request: GET /notifications []
[2025-12-26 05:28:54] INFO: Incoming request: GET /notifications []
[2025-12-26 05:28:59] INFO: Incoming request: GET /notifications []
[2025-12-26 05:29:04] INFO: Incoming request: GET /notifications []
[2025-12-26 05:29:09] INFO: Incoming request: GET /notifications []
[2025-12-26 05:29:14] INFO: Incoming request: GET /notifications []
[2025-12-26 05:29:19] INFO: Incoming request: GET /notifications []
[2025-12-26 05:29:24] INFO: Incoming request: GET /notifications []
[2025-12-26 05:29:28] INFO: Incoming request: GET /billing []
[2025-12-26 05:29:28] INFO: Incoming request: GET /patients []
[2025-12-26 05:29:28] INFO: Incoming request: GET /medicines []
[2025-12-26 05:29:28] INFO: Incoming request: GET /appointments []
[2025-12-26 05:29:28] INFO: Incoming request: GET /doctors []
[2025-12-26 05:29:29] INFO: Incoming request: GET /notifications []
[2025-12-26 05:29:32] INFO: Incoming request: POST /logout []
[2025-12-26 05:29:32] INFO: Incoming request: GET /csrf-token []
[2025-12-26 05:32:32] INFO: Incoming request: GET /csrf-token []
[2025-12-26 05:32:32] INFO: Incoming request: GET /csrf-token []
[2025-12-26 05:33:12] INFO: Incoming request: GET /csrf-token []
[2025-12-26 05:33:12] INFO: Incoming request: GET /csrf-token []
[2025-12-26 05:35:12] INFO: Incoming request: POST /login []
[2025-12-26 05:35:12] INFO: Login Attempt {"email":"harsha@gmail.com"}
[2025-12-26 05:35:12] INFO: Login Success {"user_id":1,"role":"admin"}
[2025-12-26 05:35:37] INFO: Incoming request: GET /csrf-token []
[2025-12-26 05:35:37] INFO: Incoming request: GET /notifications []
[2025-12-26 05:35:37] INFO: Incoming request: GET /medicines []
[2025-12-26 05:35:37] INFO: Incoming request: GET /doctors []
[2025-12-26 05:35:37] INFO: Incoming request: GET /appointments []
[2025-12-26 05:35:37] INFO: Incoming request: GET /patients []
[2025-12-26 05:35:37] INFO: Incoming request: GET /billing []
[2025-12-26 05:35:42] INFO: Incoming request: GET /notifications []
[2025-12-26 05:35:47] INFO: Incoming request: GET /notifications []
[2025-12-26 05:35:53] INFO: Incoming request: GET /notifications []
[2025-12-26 05:35:58] INFO: Incoming request: GET /notifications []
[2025-12-26 05:36:03] INFO: Incoming request: GET /notifications []
[2025-12-26 05:36:08] INFO: Incoming request: GET /notifications []
[2025-12-26 05:36:13] INFO: Incoming request: GET /notifications []
[2025-12-26 05:36:18] INFO: Incoming request: GET /notifications []
[2025-12-26 05:36:23] INFO: Incoming request: GET /notifications []
[2025-12-26 05:36:27] INFO: Incoming request: GET /notifications []
[2025-12-26 05:36:27] INFO: Incoming request: GET /doctors []
[2025-12-26 05:36:27] INFO: Incoming request: GET /appointments []
[2025-12-26 05:36:27] INFO: Incoming request: GET /medicines []
[2025-12-26 05:36:27] INFO: Incoming request: GET /billing []
[2025-12-26 05:36:27] INFO: Incoming request: GET /patients []
[2025-12-26 05:36:28] INFO: Incoming request: GET /csrf-token []
[2025-12-26 05:36:28] INFO: Incoming request: GET /doctors []
[2025-12-26 05:36:28] INFO: Incoming request: GET /appointments []
[2025-12-26 05:36:28] INFO: Incoming request: GET /patients []
[2025-12-26 05:36:28] INFO: Incoming request: GET /billing []
[2025-12-26 05:36:28] INFO: Incoming request: GET /medicines []
[2025-12-26 05:36:28] INFO: Incoming request: GET /notifications []
[2025-12-26 05:36:33] INFO: Incoming request: GET /notifications []
[2025-12-26 05:36:38] INFO: Incoming request: GET /notifications []
[2025-12-26 05:36:43] INFO: Incoming request: GET /notifications []
[2025-12-26 05:36:47] INFO: Incoming request: GET /staff []
[2025-12-26 05:36:48] INFO: Incoming request: GET /notifications []
[2025-12-26 05:36:49] INFO: Incoming request: GET /billing []
[2025-12-26 05:36:49] INFO: Incoming request: GET /doctors []
[2025-12-26 05:36:49] INFO: Incoming request: GET /patients []
[2025-12-26 05:36:49] INFO: Incoming request: GET /billing []
[2025-12-26 05:36:49] INFO: Incoming request: GET /patients []
[2025-12-26 05:36:49] INFO: Incoming request: GET /billing []
[2025-12-26 05:36:53] INFO: Incoming request: GET /notifications []
[2025-12-26 05:36:54] INFO: Incoming request: GET /appointments []
[2025-12-26 05:36:55] INFO: Incoming request: GET /appointments []
[2025-12-26 05:36:56] INFO: Incoming request: GET /appointments []
[2025-12-26 05:36:56] INFO: Incoming request: GET /medicines []
[2025-12-26 05:36:56] INFO: Incoming request: GET /doctors []
[2025-12-26 05:36:56] INFO: Incoming request: GET /billing []
[2025-12-26 05:36:56] INFO: Incoming request: GET /patients []
[2025-12-26 05:36:58] INFO: Incoming request: GET /notifications []
[2025-12-26 05:37:03] INFO: Incoming request: GET /notifications []
[2025-12-26 05:37:09] INFO: Incoming request: GET /notifications []
[2025-12-26 05:37:14] INFO: Incoming request: GET /notifications []
[2025-12-26 05:37:19] INFO: Incoming request: GET /notifications []
[2025-12-26 05:37:24] INFO: Incoming request: GET /notifications []
[2025-12-26 05:37:29] INFO: Incoming request: GET /notifications []
[2025-12-26 05:37:33] INFO: Incoming request: GET /notifications []
[2025-12-26 05:37:39] INFO: Incoming request: GET /notifications []
[2025-12-26 05:37:44] INFO: Incoming request: GET /notifications []
[2025-12-26 05:37:47] INFO: Incoming request: GET /medicines []
[2025-12-26 05:37:47] INFO: Incoming request: GET /appointments []
[2025-12-26 05:37:47] INFO: Incoming request: GET /doctors []
[2025-12-26 05:37:47] INFO: Incoming request: GET /patients []
[2025-12-26 05:37:47] INFO: Incoming request: GET /billing []
[2025-12-26 05:37:49] INFO: Incoming request: GET /notifications []
[2025-12-26 05:37:54] INFO: Incoming request: GET /notifications []
[2025-12-26 05:37:59] INFO: Incoming request: GET /notifications []
[2025-12-26 05:38:04] INFO: Incoming request: GET /notifications []
[2025-12-26 05:38:09] INFO: Incoming request: GET /notifications []
[2025-12-26 05:38:14] INFO: Incoming request: GET /notifications []
[2025-12-26 05:38:19] INFO: Incoming request: GET /notifications []
[2025-12-26 05:38:24] INFO: Incoming request: GET /notifications []
[2025-12-26 05:38:29] INFO: Incoming request: GET /notifications []
[2025-12-26 05:38:34] INFO: Incoming request: GET /notifications []
[2025-12-26 05:38:37] INFO: Incoming request: GET /billing []
[2025-12-26 05:38:37] INFO: Incoming request: GET /doctors []
[2025-12-26 05:38:37] INFO: Incoming request: GET /appointments []
[2025-12-26 05:38:37] INFO: Incoming request: GET /medicines []
[2025-12-26 05:38:37] INFO: Incoming request: GET /patients []
[2025-12-26 05:38:39] INFO: Incoming request: GET /notifications []
[2025-12-26 05:38:44] INFO: Incoming request: GET /notifications []
[2025-12-26 05:38:49] INFO: Incoming request: GET /notifications []
[2025-12-26 05:38:52] INFO: Incoming request: POST /logout []
[2025-12-26 05:38:52] INFO: Incoming request: GET /csrf-token []
[2025-12-26 05:50:54] INFO: Incoming request: POST /login []
[2025-12-26 05:50:54] INFO: Login Attempt {"email":"harsha@gmail.com"}
[2025-12-26 05:50:55] INFO: Login Success {"user_id":1,"role":"admin"}
[2025-12-26 05:50:55] INFO: Incoming request: GET /notifications []
[2025-12-26 05:50:55] INFO: Incoming request: GET /appointments []
[2025-12-26 05:50:55] INFO: Incoming request: GET /medicines []
[2025-12-26 05:50:55] INFO: Incoming request: GET /doctors []
[2025-12-26 05:50:55] INFO: Incoming request: GET /billing []
[2025-12-26 05:50:55] INFO: Incoming request: GET /patients []
[2025-12-26 05:50:58] INFO: Incoming request: GET /staff []
[2025-12-26 05:50:59] INFO: Incoming request: GET /staff []
[2025-12-26 05:51:00] INFO: Incoming request: GET /notifications []
[2025-12-26 05:51:05] INFO: Incoming request: GET /csrf-token []
[2025-12-26 05:51:05] INFO: Incoming request: GET /notifications []
[2025-12-26 05:51:05] INFO: Incoming request: GET /staff []
[2025-12-26 05:51:07] INFO: Incoming request: GET /staff []
[2025-12-26 05:51:07] INFO: Incoming request: GET /staff []
[2025-12-26 05:51:10] INFO: Incoming request: GET /notifications []
[2025-12-26 05:51:15] INFO: Incoming request: GET /notifications []
[2025-12-26 05:51:20] INFO: Incoming request: GET /staff []
[2025-12-26 05:51:20] INFO: Incoming request: GET /notifications []
[2025-12-26 05:51:20] INFO: Incoming request: GET /staff []
[2025-12-26 05:51:21] INFO: Incoming request: GET /staff []
[2025-12-26 05:51:22] INFO: Incoming request: GET /staff []
[2025-12-26 05:51:23] INFO: Incoming request: GET /medicines []
[2025-12-26 05:51:24] INFO: Incoming request: GET /staff []
[2025-12-26 05:51:25] INFO: Incoming request: GET /notifications []
[2025-12-26 05:51:25] INFO: Incoming request: GET /staff []
[2025-12-26 05:51:30] INFO: Incoming request: GET /notifications []
[2025-12-26 05:51:35] INFO: Incoming request: GET /notifications []
[2025-12-26 05:51:40] INFO: Incoming request: GET /notifications []
[2025-12-26 05:51:45] INFO: Incoming request: GET /notifications []
[2025-12-26 05:51:50] INFO: Incoming request: GET /notifications []
[2025-12-26 05:51:55] INFO: Incoming request: GET /notifications []
[2025-12-26 05:52:00] INFO: Incoming request: GET /notifications []
[2025-12-26 05:52:05] INFO: Incoming request: GET /notifications []
[2025-12-26 05:52:10] INFO: Incoming request: GET /notifications []
[2025-12-26 05:52:15] INFO: Incoming request: GET /notifications []
[2025-12-26 05:52:19] INFO: Incoming request: POST /login []
[2025-12-26 05:52:19] INFO: Login Attempt {"email":"harsha@gmail.com"}
[2025-12-26 05:52:19] INFO: Login Success {"user_id":1,"role":"admin"}
[2025-12-26 05:52:20] INFO: Incoming request: GET /notifications []
[2025-12-26 05:52:20] INFO: Incoming request: GET /doctors []
[2025-12-26 05:52:20] INFO: Incoming request: GET /billing []
[2025-12-26 05:52:20] INFO: Incoming request: GET /patients []
[2025-12-26 05:52:20] INFO: Incoming request: GET /medicines []
[2025-12-26 05:52:20] INFO: Incoming request: GET /appointments []
[2025-12-26 05:52:20] INFO: Incoming request: GET /notifications []
[2025-12-26 05:52:22] INFO: Incoming request: GET /staff []
[2025-12-26 05:52:24] INFO: Incoming request: GET /staff []
[2025-12-26 05:52:25] INFO: Incoming request: GET /notifications []
[2025-12-26 05:52:25] INFO: Incoming request: GET /staff []
[2025-12-26 05:52:25] INFO: Incoming request: GET /notifications []
[2025-12-26 05:52:25] INFO: Incoming request: GET /staff []
[2025-12-26 05:52:26] INFO: Incoming request: GET /staff []
[2025-12-26 05:52:28] INFO: Incoming request: POST /logout []
[2025-12-26 05:52:28] INFO: Incoming request: GET /csrf-token []
[2025-12-26 05:52:30] INFO: Incoming request: GET /notifications []
[2025-12-26 05:52:35] INFO: Incoming request: GET /notifications []
[2025-12-26 05:52:40] INFO: Incoming request: GET /notifications []
[2025-12-26 05:52:45] INFO: Incoming request: GET /notifications []
[2025-12-26 05:52:50] INFO: Incoming request: GET /notifications []
[2025-12-26 05:52:55] INFO: Incoming request: GET /notifications []
[2025-12-26 05:53:00] INFO: Incoming request: GET /notifications []
[2025-12-26 05:53:05] INFO: Incoming request: GET /notifications []
[2025-12-26 05:53:10] INFO: Incoming request: GET /notifications []
[2025-12-26 05:53:15] INFO: Incoming request: GET /notifications []
[2025-12-26 05:53:20] INFO: Incoming request: GET /notifications []
[2025-12-26 05:53:25] INFO: Incoming request: GET /notifications []
[2025-12-26 05:53:27] INFO: Incoming request: POST /logout []
[2025-12-26 05:53:27] INFO: Incoming request: GET /csrf-token []
[2025-12-26 05:56:13] INFO: Incoming request: POST /login []
[2025-12-26 05:56:13] INFO: Login Attempt {"email":"harsha@gmail.com"}
[2025-12-26 05:56:13] INFO: Login Success {"user_id":1,"role":"admin"}
[2025-12-26 05:56:13] INFO: Incoming request: GET /notifications []
[2025-12-26 05:56:13] INFO: Incoming request: GET /appointments []
[2025-12-26 05:56:13] INFO: Incoming request: GET /patients []
[2025-12-26 05:56:13] INFO: Incoming request: GET /billing []
[2025-12-26 05:56:13] INFO: Incoming request: GET /medicines []
[2025-12-26 05:56:13] INFO: Incoming request: GET /doctors []
[2025-12-26 05:56:14] INFO: Incoming request: GET /staff []
[2025-12-26 05:56:15] INFO: Incoming request: GET /staff []
[2025-12-26 05:56:16] INFO: Incoming request: GET /staff []
[2025-12-26 05:56:17] INFO: Incoming request: GET /staff []
[2025-12-26 05:56:18] INFO: Incoming request: GET /staff []
[2025-12-26 05:56:18] INFO: Incoming request: GET /notifications []
[2025-12-26 05:56:18] INFO: Incoming request: GET /staff []
[2025-12-26 05:56:19] INFO: Incoming request: GET /staff []
[2025-12-26 05:56:19] INFO: Incoming request: GET /staff []
[2025-12-26 05:56:23] INFO: Incoming request: GET /notifications []
[2025-12-26 05:56:29] INFO: Incoming request: GET /notifications []
[2025-12-26 05:56:34] INFO: Incoming request: GET /notifications []
[2025-12-26 05:56:39] INFO: Incoming request: GET /notifications []
[2025-12-26 05:56:44] INFO: Incoming request: GET /notifications []
[2025-12-26 05:56:49] INFO: Incoming request: GET /notifications []
[2025-12-26 05:56:54] INFO: Incoming request: GET /notifications []
[2025-12-26 05:56:59] INFO: Incoming request: GET /notifications []
[2025-12-26 05:57:04] INFO: Incoming request: GET /notifications []
[2025-12-26 05:57:09] INFO: Incoming request: GET /notifications []
[2025-12-26 05:57:14] INFO: Incoming request: GET /notifications []
[2025-12-26 05:57:19] INFO: Incoming request: GET /notifications []
[2025-12-26 05:57:24] INFO: Incoming request: GET /notifications []
[2025-12-26 05:57:24] INFO: Incoming request: POST /logout []
[2025-12-26 05:57:24] INFO: Incoming request: GET /csrf-token []
[2025-12-26 06:04:53] INFO: Incoming request: GET /csrf-token []
[2025-12-26 06:04:53] INFO: Incoming request: GET /csrf-token []
[2025-12-26 06:04:57] INFO: Incoming request: POST /login []
[2025-12-26 06:04:57] INFO: Login Attempt {"email":"harsha@gmail.com"}
[2025-12-26 06:04:57] INFO: Login Success {"user_id":1,"role":"admin"}
[2025-12-26 06:04:57] INFO: Incoming request: GET /notifications []
[2025-12-26 06:04:57] INFO: Incoming request: GET /patients []
[2025-12-26 06:04:57] INFO: Incoming request: GET /billing []
[2025-12-26 06:04:57] INFO: Incoming request: GET /doctors []
[2025-12-26 06:04:57] INFO: Incoming request: GET /appointments []
[2025-12-26 06:04:57] INFO: Incoming request: GET /medicines []
[2025-12-26 06:05:02] INFO: Incoming request: GET /notifications []
[2025-12-26 06:05:03] INFO: Incoming request: GET /doctors []
[2025-12-26 06:05:03] INFO: Incoming request: GET /appointments []
[2025-12-26 06:05:03] INFO: Incoming request: GET /patients []
[2025-12-26 06:05:03] INFO: Incoming request: GET /appointments []
[2025-12-26 06:05:03] INFO: Incoming request: GET /patients []
[2025-12-26 06:05:04] INFO: Incoming request: GET /patients []
[2025-12-26 06:05:06] INFO: Incoming request: POST /logout []
[2025-12-26 06:05:06] INFO: Incoming request: GET /csrf-token []
[2025-12-26 06:05:07] INFO: Incoming request: GET /csrf-token []
[2025-12-26 06:05:11] INFO: Incoming request: GET /csrf-token []
[2025-12-26 06:05:12] INFO: Incoming request: POST /login []
[2025-12-26 06:05:12] INFO: Login Attempt {"email":"harsha@gmail.com"}
[2025-12-26 06:05:12] INFO: Login Success {"user_id":1,"role":"admin"}
[2025-12-26 06:05:12] INFO: Incoming request: GET /notifications []
[2025-12-26 06:05:12] INFO: Incoming request: GET /appointments []
[2025-12-26 06:05:12] INFO: Incoming request: GET /billing []
[2025-12-26 06:05:12] INFO: Incoming request: GET /doctors []
[2025-12-26 06:05:12] INFO: Incoming request: GET /medicines []
[2025-12-26 06:05:12] INFO: Incoming request: GET /patients []
[2025-12-26 06:05:15] INFO: Incoming request: GET /csrf-token []
[2025-12-26 06:05:15] INFO: Incoming request: GET /notifications []
[2025-12-26 06:05:15] INFO: Incoming request: GET /patients []
[2025-12-26 06:05:15] INFO: Incoming request: GET /medicines []
[2025-12-26 06:05:15] INFO: Incoming request: GET /doctors []
[2025-12-26 06:05:15] INFO: Incoming request: GET /appointments []
[2025-12-26 06:05:15] INFO: Incoming request: GET /billing []
[2025-12-26 06:05:16] INFO: Incoming request: GET /patients []
[2025-12-26 06:05:16] INFO: Incoming request: GET /doctors []
[2025-12-26 06:05:16] INFO: Incoming request: GET /appointments []
[2025-12-26 06:05:16] INFO: Incoming request: GET /doctors []
[2025-12-26 06:05:16] INFO: Incoming request: GET /appointments []
[2025-12-26 06:05:16] INFO: Incoming request: GET /appointments []
[2025-12-26 06:05:16] INFO: Incoming request: GET /patients []
[2025-12-26 06:05:17] INFO: Incoming request: GET /appointments []
[2025-12-26 06:05:18] INFO: Incoming request: GET /appointments []
[2025-12-26 06:05:18] INFO: Incoming request: GET /prescriptions []
[2025-12-26 06:05:19] INFO: Incoming request: GET /billing []
[2025-12-26 06:05:20] INFO: Incoming request: GET /staff []
[2025-12-26 06:05:20] INFO: Incoming request: GET /notifications []
[2025-12-26 06:05:20] INFO: Incoming request: GET /medicines []
[2025-12-26 06:05:22] INFO: Incoming request: GET /appointments []
[2025-12-26 06:05:22] INFO: Incoming request: GET /patients []
[2025-12-26 06:05:26] INFO: Incoming request: GET /notifications []
[2025-12-26 06:05:31] INFO: Incoming request: GET /notifications []
[2025-12-26 06:05:36] INFO: Incoming request: GET /notifications []
[2025-12-26 06:05:41] INFO: Incoming request: GET /notifications []
[2025-12-26 06:05:46] INFO: Incoming request: GET /notifications []
[2025-12-26 06:05:51] INFO: Incoming request: GET /notifications []
[2025-12-26 06:05:56] INFO: Incoming request: GET /notifications []
[2025-12-26 06:06:00] INFO: Incoming request: GET /notifications []
[2025-12-26 06:06:05] INFO: Incoming request: GET /notifications []
[2025-12-26 06:06:11] INFO: Incoming request: GET /notifications []
[2025-12-26 06:06:16] INFO: Incoming request: GET /notifications []
[2025-12-26 06:06:21] INFO: Incoming request: GET /notifications []
[2025-12-26 06:06:26] INFO: Incoming request: GET /notifications []
[2025-12-26 06:06:31] INFO: Incoming request: GET /notifications []
[2025-12-26 06:06:36] INFO: Incoming request: GET /notifications []
[2025-12-26 06:06:41] INFO: Incoming request: GET /notifications []
[2025-12-26 06:06:46] INFO: Incoming request: GET /notifications []
[2025-12-26 06:06:51] INFO: Incoming request: GET /notifications []
[2025-12-26 06:06:56] INFO: Incoming request: GET /notifications []
[2025-12-26 06:07:01] INFO: Incoming request: GET /notifications []
[2025-12-26 06:07:06] INFO: Incoming request: GET /notifications []
[2025-12-26 06:07:10] INFO: Incoming request: POST /logout []
[2025-12-26 06:07:10] INFO: Incoming request: GET /csrf-token []
